<?xml version="1.0" encoding="UTF-8"?>
<!-- Generated by org.testng.reporters.JUnitXMLReporter -->
<testsuite hostname="DESKTOP-V3O9M40" name="Default test" tests="16" failures="0" timestamp="2 Jun 2019 14:47:08 GMT" time="40.052" errors="0">
  <testcase name="getWorkflows" time="10.191" classname="FormBuilderTest.CompleteTesting"/>
  <testcase name="addWorflow" time="3.784" classname="FormBuilderTest.CompleteTesting"/>
  <testcase name="UpdateWorkflow" time="1.604" classname="FormBuilderTest.CompleteTesting"/>
  <testcase name="MapWorkflow" time="1.572" classname="FormBuilderTest.CompleteTesting"/>
  <testcase name="getExistingScreen" time="1.649" classname="FormBuilderTest.CompleteTesting"/>
  <testcase name="addExistingScreens" time="1.655" classname="FormBuilderTest.CompleteTesting"/>
  <testcase name="removeExistingSCresn" time="1.624" classname="FormBuilderTest.CompleteTesting"/>
  <testcase name="getScreens" time="2.075" classname="FormBuilderTest.CompleteTesting"/>
  <testcase name="AddCustomScreens" time="3.522" classname="FormBuilderTest.CompleteTesting"/>
  <testcase name="updateCustomScreens" time="1.625" classname="FormBuilderTest.CompleteTesting"/>
  <testcase name="MapScreensWithWorkflows" time="1.644" classname="FormBuilderTest.CompleteTesting"/>
  <testcase name="deleteFormFields" time="1.592" classname="FormBuilderTest.CompleteTesting"/>
  <testcase name="removeMappingScreenWf" time="1.588" classname="FormBuilderTest.CompleteTesting"/>
  <testcase name="deleteScreens" time="1.547" classname="FormBuilderTest.CompleteTesting"/>
  <testcase name="removeVenueWFMapping" time="1.549" classname="FormBuilderTest.CompleteTesting"/>
  <testcase name="deleteWorkFlow" time="1.523" classname="FormBuilderTest.CompleteTesting"/>
</testsuite> <!-- Default test -->
